<?xml version="1.0" encoding="UTF-8"?>
<!-- Generated by org.testng.reporters.JUnitXMLReporter -->
<testsuite ignored="4" hostname="DESKTOP-G4CV838" failures="0" tests="3" name="TestP" time="0.072" errors="0" timestamp="2025-02-06T10:29:00 IST">
  <testcase classname="generic.BaseTest" name="@BeforeMethod preCondition" time="0.008">
    <failure type="java.lang.Error" message="Unresolved compilation problems: 
	Utility cannot be resolved
	Utility cannot be resolved
	Utility cannot be resolved
	Utility cannot be resolved
	Utility cannot be resolved
	Utility cannot be resolved
">
      <![CDATA[java.lang.Error: Unresolved compilation problems: 
Utility cannot be resolved
Utility cannot be resolved
Utility cannot be resolved
Utility cannot be resolved
Utility cannot be resolved
Utility cannot be resolved

at generic.BaseTest.preCondition(BaseTest.java:66)
at java.base/java.util.ArrayList.forEach(ArrayList.java:1511)
at java.base/java.util.concurrent.FutureTask.run(FutureTask.java:317)
at java.base/java.util.concurrent.ThreadPoolExecutor.runWorker(ThreadPoolExecutor.java:1144)
at java.base/java.util.concurrent.ThreadPoolExecutor$Worker.run(ThreadPoolExecutor.java:642)
at java.base/java.lang.Thread.run(Thread.java:1589)
... Removed 20 stack frames]]>
    </failure>
  </testcase> <!-- @BeforeMethod preCondition -->
  <testcase classname="generic.BaseTest" name="@AfterMethod postCondition" time="-1.73881794016E9">
    <skipped/>
  </testcase> <!-- @AfterMethod postCondition -->
  <testcase classname="generic.BaseTest" name="@BeforeMethod preCondition" time="0.002">
    <failure type="java.lang.Error" message="Unresolved compilation problems: 
	Utility cannot be resolved
	Utility cannot be resolved
	Utility cannot be resolved
	Utility cannot be resolved
	Utility cannot be resolved
	Utility cannot be resolved
">
      <![CDATA[java.lang.Error: Unresolved compilation problems: 
Utility cannot be resolved
Utility cannot be resolved
Utility cannot be resolved
Utility cannot be resolved
Utility cannot be resolved
Utility cannot be resolved

at generic.BaseTest.preCondition(BaseTest.java:66)
at java.base/java.util.ArrayList.forEach(ArrayList.java:1511)
at java.base/java.util.concurrent.FutureTask.run(FutureTask.java:317)
at java.base/java.util.concurrent.ThreadPoolExecutor.runWorker(ThreadPoolExecutor.java:1144)
at java.base/java.util.concurrent.ThreadPoolExecutor$Worker.run(ThreadPoolExecutor.java:642)
at java.base/java.lang.Thread.run(Thread.java:1589)
... Removed 20 stack frames]]>
    </failure>
  </testcase> <!-- @BeforeMethod preCondition -->
  <testcase classname="generic.BaseTest" name="@AfterMethod postCondition" time="-1.738817940172E9">
    <skipped/>
  </testcase> <!-- @AfterMethod postCondition -->
  <testcase classname="generic.BaseTest" name="@BeforeMethod preCondition" time="0.001">
    <failure type="java.lang.Error" message="Unresolved compilation problems: 
	Utility cannot be resolved
	Utility cannot be resolved
	Utility cannot be resolved
	Utility cannot be resolved
	Utility cannot be resolved
	Utility cannot be resolved
">
      <![CDATA[java.lang.Error: Unresolved compilation problems: 
Utility cannot be resolved
Utility cannot be resolved
Utility cannot be resolved
Utility cannot be resolved
Utility cannot be resolved
Utility cannot be resolved

at generic.BaseTest.preCondition(BaseTest.java:66)
at java.base/java.util.ArrayList.forEach(ArrayList.java:1511)
at java.base/java.util.concurrent.FutureTask.run(FutureTask.java:317)
at java.base/java.util.concurrent.ThreadPoolExecutor.runWorker(ThreadPoolExecutor.java:1144)
at java.base/java.util.concurrent.ThreadPoolExecutor$Worker.run(ThreadPoolExecutor.java:642)
at java.base/java.lang.Thread.run(Thread.java:1589)
... Removed 20 stack frames]]>
    </failure>
  </testcase> <!-- @BeforeMethod preCondition -->
  <testcase classname="generic.BaseTest" name="@AfterMethod postCondition" time="-1.738817940181E9">
    <skipped/>
  </testcase> <!-- @AfterMethod postCondition -->
  <testcase classname="script.Demo1" name="testC" time="0.0">
    <skipped/>
  </testcase> <!-- testC -->
  <testcase classname="script.Demo2" name="testA" time="0.0">
    <skipped/>
  </testcase> <!-- testA -->
  <testcase classname="script.Demo3" name="testB" time="0.0">
    <skipped/>
  </testcase> <!-- testB -->
  <testcase classname="generic.BaseTest" name="@BeforeSuite initReport" time="0.0">
    <ignored/>
  </testcase> <!-- @BeforeSuite initReport -->
  <testcase classname="generic.BaseTest" name="@BeforeSuite initReport" time="0.0">
    <ignored/>
  </testcase> <!-- @BeforeSuite initReport -->
  <testcase classname="generic.BaseTest" name="@AfterSuite generateReport" time="0.0">
    <ignored/>
  </testcase> <!-- @AfterSuite generateReport -->
  <testcase classname="generic.BaseTest" name="@AfterSuite generateReport" time="0.0">
    <ignored/>
  </testcase> <!-- @AfterSuite generateReport -->
</testsuite> <!-- TestP -->
