<?xml version="1.0" encoding="UTF-8"?>
<!-- Generated by org.testng.reporters.JUnitXMLReporter -->
<testsuite ignored="4" hostname="DESKTOP-G4CV838" failures="1" tests="5" name="Test" time="21.232" errors="0" timestamp="2025-02-04T11:49:03 IST">
  <testcase classname="script.Demo1" name="testC" time="0.067">
    <failure type="java.lang.AssertionError" message="null">
      <![CDATA[java.lang.AssertionError: null
at script.Demo1.testC(Demo1.java:17)
at java.base/java.util.ArrayList.forEach(ArrayList.java:1511)
... Removed 27 stack frames]]>
    </failure>
  </testcase> <!-- testC -->
  <testcase classname="script.Demo2" name="testB" time="0.029"/>
  <testcase classname="script.Demo3" name="testB" time="0.018"/>
  <testcase classname="script.Demo4" name="createUser" time="0.003"/>
  <testcase classname="script.Demo4" name="deleteUser" time="0.002"/>
  <testcase classname="generic.BaseTest" name="@BeforeSuite initReport" time="0.0">
    <ignored/>
  </testcase> <!-- @BeforeSuite initReport -->
  <testcase classname="generic.BaseTest" name="@BeforeSuite initReport" time="0.0">
    <ignored/>
  </testcase> <!-- @BeforeSuite initReport -->
  <testcase classname="generic.BaseTest" name="@AfterSuite generateReport" time="0.0">
    <ignored/>
  </testcase> <!-- @AfterSuite generateReport -->
  <testcase classname="generic.BaseTest" name="@AfterSuite generateReport" time="0.0">
    <ignored/>
  </testcase> <!-- @AfterSuite generateReport -->
</testsuite> <!-- Test -->
