<?xml version="1.0" encoding="UTF-8"?>
<!-- Generated by org.testng.reporters.JUnitXMLReporter -->
<testsuite ignored="4" hostname="DESKTOP-G4CV838" failures="0" tests="3" name="TestP" time="16.997" errors="0" timestamp="2025-02-06T10:36:04 IST">
  <testcase classname="script.Demo1" name="testC" time="1.482"/>
  <testcase classname="script.Demo2" name="testA" time="0.01"/>
  <testcase classname="script.Demo3" name="testB" time="0.042"/>
  <testcase classname="generic.BaseTest" name="@AfterSuite generateReport" time="0.0">
    <ignored/>
  </testcase> <!-- @AfterSuite generateReport -->
  <testcase classname="generic.BaseTest" name="@BeforeSuite initReport" time="0.0">
    <ignored/>
  </testcase> <!-- @BeforeSuite initReport -->
  <testcase classname="generic.BaseTest" name="@BeforeSuite initReport" time="0.0">
    <ignored/>
  </testcase> <!-- @BeforeSuite initReport -->
  <testcase classname="generic.BaseTest" name="@AfterSuite generateReport" time="0.0">
    <ignored/>
  </testcase> <!-- @AfterSuite generateReport -->
</testsuite> <!-- TestP -->
