<?xml version="1.0" encoding="UTF-8"?>
<!-- Generated by org.testng.reporters.JUnitXMLReporter -->
<testsuite ignored="2" hostname="DESKTOP-G4CV838" failures="0" tests="2" name="TestP" time="15.189" errors="0" timestamp="2025-02-06T16:02:33 IST">
  <testcase classname="script.Demo2" name="testA" time="1.584"/>
  <testcase classname="script.Demo3" name="testB" time="0.017"/>
  <testcase classname="generic.BaseTest" name="@AfterSuite generateReport" time="0.0">
    <ignored/>
  </testcase> <!-- @AfterSuite generateReport -->
  <testcase classname="generic.BaseTest" name="@BeforeSuite initReport" time="0.0">
    <ignored/>
  </testcase> <!-- @BeforeSuite initReport -->
</testsuite> <!-- TestP -->
