<?xml version="1.0" encoding="UTF-8"?>
<testng-results ignored="0" total="2" passed="2" failed="0" skipped="0">
  <reporter-output>
  </reporter-output>
  <suite started-at="2025-02-06T16:02:18 IST" name="Suite" finished-at="2025-02-06T16:02:33 IST" duration-ms="15189">
    <groups>
    </groups>
    <test started-at="2025-02-06T16:02:18 IST" name="TestP" finished-at="2025-02-06T16:02:33 IST" duration-ms="15189">
      <class name="script.Demo3">
        <test-method is-config="true" signature="preCondition(java.lang.reflect.Method,java.lang.String)[pri:0, instance:script.Demo3@1623b78d]" started-at="2025-02-06T16:02:29 IST" name="preCondition" finished-at="2025-02-06T16:02:33 IST" duration-ms="3800" status="PASS">
          <params>
            <param index="0">
              <value>
                <![CDATA[public void script.Demo3.testB()]]>
              </value>
            </param>
            <param index="1">
              <value>
                <![CDATA[config.properties]]>
              </value>
            </param>
          </params>
          <reporter-output>
          </reporter-output>
        </test-method> <!-- preCondition -->
        <test-method signature="testB()[pri:0, instance:script.Demo3@1623b78d]" started-at="2025-02-06T16:02:33 IST" name="testB" finished-at="2025-02-06T16:02:33 IST" duration-ms="17" status="PASS">
          <reporter-output>
          </reporter-output>
        </test-method> <!-- testB -->
        <test-method is-config="true" signature="postCondition(org.testng.ITestResult)[pri:0, instance:script.Demo3@1623b78d]" started-at="2025-02-06T16:02:33 IST" name="postCondition" finished-at="2025-02-06T16:02:33 IST" duration-ms="331" status="PASS">
          <params>
            <param index="0">
              <value>
                <![CDATA[[TestResult name=testB status=SUCCESS method=Demo3.testB()[pri:0, instance:script.Demo3@1623b78d] output={null}]]]>
              </value>
            </param>
          </params>
          <reporter-output>
          </reporter-output>
        </test-method> <!-- postCondition -->
      </class> <!-- script.Demo3 -->
      <class name="script.Demo2">
        <test-method is-config="true" signature="initReport()[pri:0, instance:script.Demo2@77847718]" started-at="2025-02-06T16:02:18 IST" name="initReport" finished-at="2025-02-06T16:02:18 IST" duration-ms="316" status="PASS">
          <reporter-output>
          </reporter-output>
        </test-method> <!-- initReport -->
        <test-method is-config="true" signature="preCondition(java.lang.reflect.Method,java.lang.String)[pri:0, instance:script.Demo2@77847718]" started-at="2025-02-06T16:02:18 IST" name="preCondition" finished-at="2025-02-06T16:02:27 IST" duration-ms="9073" status="PASS">
          <params>
            <param index="0">
              <value>
                <![CDATA[public void script.Demo2.testA()]]>
              </value>
            </param>
            <param index="1">
              <value>
                <![CDATA[config.properties]]>
              </value>
            </param>
          </params>
          <reporter-output>
          </reporter-output>
        </test-method> <!-- preCondition -->
        <test-method signature="testA()[pri:0, instance:script.Demo2@77847718]" started-at="2025-02-06T16:02:27 IST" name="testA" finished-at="2025-02-06T16:02:29 IST" duration-ms="1584" status="PASS">
          <reporter-output>
          </reporter-output>
        </test-method> <!-- testA -->
        <test-method is-config="true" signature="postCondition(org.testng.ITestResult)[pri:0, instance:script.Demo2@77847718]" started-at="2025-02-06T16:02:29 IST" name="postCondition" finished-at="2025-02-06T16:02:29 IST" duration-ms="327" status="PASS">
          <params>
            <param index="0">
              <value>
                <![CDATA[[TestResult name=testA status=SUCCESS method=Demo2.testA()[pri:0, instance:script.Demo2@77847718] output={null}]]]>
              </value>
            </param>
          </params>
          <reporter-output>
          </reporter-output>
        </test-method> <!-- postCondition -->
        <test-method is-config="true" signature="generateReport()[pri:0, instance:script.Demo2@77847718]" started-at="2025-02-06T16:02:33 IST" name="generateReport" finished-at="2025-02-06T16:02:34 IST" duration-ms="407" status="PASS">
          <reporter-output>
          </reporter-output>
        </test-method> <!-- generateReport -->
      </class> <!-- script.Demo2 -->
    </test> <!-- TestP -->
  </suite> <!-- Suite -->
</testng-results>
